<?xml version="1.0" encoding="UTF-8"?>
<!-- Generated by org.testng.reporters.JUnitXMLReporter -->
<testsuite ignored="0" hostname="DESKTOP-53I2N0G" failures="0" tests="5" name="Weather Test" time="12.324" errors="0" timestamp="2021-12-18T14:05:34 PST">
  <testcase classname="com.OpenWeatherMap.TestCases.TC001London" name="WeatherLondon" time="6.217"/>
  <testcase classname="com.OpenWeatherMap.TestCases.TC002Paris" name="WeatherParis" time="1.561"/>
  <testcase classname="com.OpenWeatherMap.TestCases.TC003NewYork" name="WeatherNewYork" time="1.584"/>
  <testcase classname="com.OpenWeatherMap.TestCases.TC004Delhi" name="WeatherNewYork" time="1.452"/>
  <testcase classname="com.OpenWeatherMap.TestCases.TC005Tokyo" name="WeatherNewYork" time="1.416"/>
</testsuite> <!-- Weather Test -->
